The system is: Windows - 10.0.19042 - AMD64
Compiling the CXX compiler identification source file "CMakeCXXCompilerId.cpp" succeeded.
Compiler: C:/Program Files (x86)/Microsoft Visual Studio/2019/Community/VC/Tools/MSVC/14.22.27905/bin/HostX86/x86/cl.exe 
Build flags: 
Id flags:  

The output was:
0
Оптимизирующий компилятор Microsoft (R) C/C++ версии 19.22.27905 для x86
(C) Корпорация Майкрософт (Microsoft Corporation).  Все права защищены.

CMakeCXXCompilerId.cpp
Microsoft (R) Incremental Linker Version 14.22.27905.0
Copyright (C) Microsoft Corporation.  All rights reserved.

/out:CMakeCXXCompilerId.exe 
CMakeCXXCompilerId.obj 


Compilation of the CXX compiler identification source "CMakeCXXCompilerId.cpp" produced "CMakeCXXCompilerId.exe"

Compilation of the CXX compiler identification source "CMakeCXXCompilerId.cpp" produced "CMakeCXXCompilerId.obj"

The CXX compiler identification is MSVC, found in "D:/c++/Semester 4/Laboratorni3/build-SortCompare-Desktop_Qt_5_12_7_MSVC2017_32bit-Debug/CMakeFiles/3.17.5/CompilerIdCXX/CMakeCXXCompilerId.exe"

Determining if the CXX compiler works passed with the following output:
Change Dir: D:/c++/Semester 4/Laboratorni3/build-SortCompare-Desktop_Qt_5_12_7_MSVC2017_32bit-Debug/CMakeFiles/CMakeTmp

Run Build Command(s):C:/PROGRA~2/MIB055~1/2019/COMMUN~1/Common7/IDE/COMMON~1/MICROS~1/CMake/Ninja/ninja.exe cmTC_b2b91 && [1/2] Building CXX object CMakeFiles\cmTC_b2b91.dir\testCXXCompiler.cxx.obj
[2/2] Linking CXX executable cmTC_b2b91.exe



Detecting CXX compiler ABI info compiled with the following output:
Change Dir: D:/c++/Semester 4/Laboratorni3/build-SortCompare-Desktop_Qt_5_12_7_MSVC2017_32bit-Debug/CMakeFiles/CMakeTmp

Run Build Command(s):C:/PROGRA~2/MIB055~1/2019/COMMUN~1/Common7/IDE/COMMON~1/MICROS~1/CMake/Ninja/ninja.exe cmTC_20228 && [1/2] Building CXX object CMakeFiles\cmTC_20228.dir\CMakeCXXCompilerABI.cpp.obj
Примечание: включение файла:  C:\Program Files\CMake\share\cmake-3.17\Modules\CMakeCompilerABI.h
[2/2] Linking CXX executable cmTC_20228.exe



